Traceback (most recent call last):
  File "/data/datasets/user151/conda-envs/kd_env/lib/python3.10/site-packages/httpx/_transports/default.py", line 101, in map_httpcore_exceptions
    yield
  File "/data/datasets/user151/conda-envs/kd_env/lib/python3.10/site-packages/httpx/_transports/default.py", line 250, in handle_request
    resp = self._pool.handle_request(req)
  File "/data/datasets/user151/conda-envs/kd_env/lib/python3.10/site-packages/httpcore/_sync/connection_pool.py", line 256, in handle_request
    raise exc from None
  File "/data/datasets/user151/conda-envs/kd_env/lib/python3.10/site-packages/httpcore/_sync/connection_pool.py", line 236, in handle_request
    response = connection.handle_request(
  File "/data/datasets/user151/conda-envs/kd_env/lib/python3.10/site-packages/httpcore/_sync/connection.py", line 103, in handle_request
    return self._connection.handle_request(request)
  File "/data/datasets/user151/conda-envs/kd_env/lib/python3.10/site-packages/httpcore/_sync/http11.py", line 136, in handle_request
    raise exc
  File "/data/datasets/user151/conda-envs/kd_env/lib/python3.10/site-packages/httpcore/_sync/http11.py", line 86, in handle_request
    self._send_request_headers(**kwargs)
  File "/data/datasets/user151/conda-envs/kd_env/lib/python3.10/site-packages/httpcore/_sync/http11.py", line 144, in _send_request_headers
    with map_exceptions({h11.LocalProtocolError: LocalProtocolError}):
  File "/data/datasets/user151/conda-envs/kd_env/lib/python3.10/contextlib.py", line 153, in __exit__
    self.gen.throw(typ, value, traceback)
  File "/data/datasets/user151/conda-envs/kd_env/lib/python3.10/site-packages/httpcore/_exceptions.py", line 14, in map_exceptions
    raise to_exc(exc) from exc
httpcore.LocalProtocolError: Illegal header value b'Bearer '

The above exception was the direct cause of the following exception:

Traceback (most recent call last):
  File "<stdin>", line 11, in <module>
  File "/data/datasets/user151/conda-envs/kd_env/lib/python3.10/site-packages/transformers/models/auto/tokenization_auto.py", line 663, in from_pretrained
    tokenizer_config = get_tokenizer_config(pretrained_model_name_or_path, **kwargs)
  File "/data/datasets/user151/conda-envs/kd_env/lib/python3.10/site-packages/transformers/models/auto/tokenization_auto.py", line 500, in get_tokenizer_config
    resolved_config_file = cached_file(
  File "/data/datasets/user151/conda-envs/kd_env/lib/python3.10/site-packages/transformers/utils/hub.py", line 277, in cached_file
    file = cached_files(path_or_repo_id=path_or_repo_id, filenames=[filename], **kwargs)
  File "/data/datasets/user151/conda-envs/kd_env/lib/python3.10/site-packages/transformers/utils/hub.py", line 508, in cached_files
    raise e
  File "/data/datasets/user151/conda-envs/kd_env/lib/python3.10/site-packages/transformers/utils/hub.py", line 420, in cached_files
    HF_TOKEN_REMOVED_download(
  File "/data/datasets/user151/conda-envs/kd_env/lib/python3.10/site-packages/huggingface_hub/utils/_validators.py", line 89, in _inner_fn
    return fn(*args, **kwargs)
  File "/data/datasets/user151/conda-envs/kd_env/lib/python3.10/site-packages/huggingface_hub/file_download.py", line 986, in HF_TOKEN_REMOVED_download
    return _HF_TOKEN_REMOVED_download_to_cache_dir(
  File "/data/datasets/user151/conda-envs/kd_env/lib/python3.10/site-packages/huggingface_hub/file_download.py", line 1061, in _HF_TOKEN_REMOVED_download_to_cache_dir
    (url_to_download, etag, commit_hash, expected_size, xet_file_data, head_call_error) = _get_metadata_or_catch_error(
  File "/data/datasets/user151/conda-envs/kd_env/lib/python3.10/site-packages/huggingface_hub/file_download.py", line 1653, in _get_metadata_or_catch_error
    metadata = get_HF_TOKEN_REMOVED_metadata(
  File "/data/datasets/user151/conda-envs/kd_env/lib/python3.10/site-packages/huggingface_hub/utils/_validators.py", line 89, in _inner_fn
    return fn(*args, **kwargs)
  File "/data/datasets/user151/conda-envs/kd_env/lib/python3.10/site-packages/huggingface_hub/file_download.py", line 1576, in get_HF_TOKEN_REMOVED_metadata
    response = _httpx_follow_relative_redirects_with_backoff(
  File "/data/datasets/user151/conda-envs/kd_env/lib/python3.10/site-packages/huggingface_hub/utils/_http.py", line 685, in _httpx_follow_relative_redirects_with_backoff
    response = http_backoff(
  File "/data/datasets/user151/conda-envs/kd_env/lib/python3.10/site-packages/huggingface_hub/utils/_http.py", line 559, in http_backoff
    return next(
  File "/data/datasets/user151/conda-envs/kd_env/lib/python3.10/site-packages/huggingface_hub/utils/_http.py", line 467, in _http_backoff_base
    response = client.request(method=method, url=url, **kwargs)
  File "/data/datasets/user151/conda-envs/kd_env/lib/python3.10/site-packages/httpx/_client.py", line 825, in request
    return self.send(request, auth=auth, follow_redirects=follow_redirects)
  File "/data/datasets/user151/conda-envs/kd_env/lib/python3.10/site-packages/httpx/_client.py", line 914, in send
    response = self._send_handling_auth(
  File "/data/datasets/user151/conda-envs/kd_env/lib/python3.10/site-packages/httpx/_client.py", line 942, in _send_handling_auth
    response = self._send_handling_redirects(
  File "/data/datasets/user151/conda-envs/kd_env/lib/python3.10/site-packages/httpx/_client.py", line 979, in _send_handling_redirects
    response = self._send_single_request(request)
  File "/data/datasets/user151/conda-envs/kd_env/lib/python3.10/site-packages/httpx/_client.py", line 1014, in _send_single_request
    response = transport.handle_request(request)
  File "/data/datasets/user151/conda-envs/kd_env/lib/python3.10/site-packages/httpx/_transports/default.py", line 249, in handle_request
    with map_httpcore_exceptions():
  File "/data/datasets/user151/conda-envs/kd_env/lib/python3.10/contextlib.py", line 153, in __exit__
    self.gen.throw(typ, value, traceback)
  File "/data/datasets/user151/conda-envs/kd_env/lib/python3.10/site-packages/httpx/_transports/default.py", line 118, in map_httpcore_exceptions
    raise mapped_exc(message) from exc
httpx.LocalProtocolError: Illegal header value b'Bearer '
